CBMC version 5.30.1 (cbmc-5.30.1) 64-bit x86_64 linux
Parsing /home/ubuntu/demo/rmc/library/rmc/rmc_lib.c
Converting
Type-checking rmc_lib
Reading GOTO program from file
Reading: ../../rmc/src/test/cbmc/DynTrait/vtable_duplicate_fields.goto
Generating GOTO Program
Adding CPROVER library (x86_64)
Removal of function pointers and virtual functions
replacing function pointer by 0 possible targets
replacing function pointer by 0 possible targets
Generic Property Instrumentation
Running with 8 object bits, 56 offset bits (default)
Starting Bounded Model Checking
aborting path on assume(false) at  thread 0
aborting path on assume(false) at  thread 0
Runtime Symex: 0.009195s
size of program expression: 213 steps
simple slicing removed 3 assignments
Generated 1 VCC(s), 1 remaining after simplification
Runtime Postprocess Equation: 2.5801e-05s
Passing problem to propositional reduction
converting SSA
Runtime Convert SSA: 0.00148759s
Running propositional reduction
Post-processing
Runtime Post-process: 3.8719e-05s
Solving with MiniSAT 2.2.1 with simplifier
2049 variables, 98 clauses
SAT checker: instance is SATISFIABLE
Runtime Solver: 0.000433731s
Runtime decision procedure: 0.00210151s

** Results:
/home/ubuntu/demo/rmc/library/alloc/src/alloc.rs function _ZN5alloc5alloc15exchange_malloc17h728f472fdb77a5f3E
[_ZN5alloc5alloc15exchange_malloc17h728f472fdb77a5f3E.assertion.2] line 316 unreachable code: SUCCESS
[_ZN5alloc5alloc15exchange_malloc17h728f472fdb77a5f3E.assertion.1] line 318 a panicking function std::alloc::handle_alloc_error is invoked: SUCCESS

/home/ubuntu/demo/rmc/library/alloc/src/alloc.rs function _ZN5alloc5alloc6Global10alloc_impl17h1be80f16031609feE
[_ZN5alloc5alloc6Global10alloc_impl17h1be80f16031609feE.assertion.1] line 167 unreachable code: SUCCESS

/home/ubuntu/demo/rmc/library/alloc/src/alloc.rs function _ZN5alloc5alloc8box_free17h59f42245a9e2042bE
[_ZN5alloc5alloc8box_free17h59f42245a9e2042bE.assertion.1] line 329 resume instruction: SUCCESS

/home/ubuntu/demo/rmc/library/core/src/option.rs function _ZN4core6option15Option$LT$T$GT$5ok_or17h1b4dc8466cbfb14dE
[_ZN4core6option15Option$LT$T$GT$5ok_or17h1b4dc8466cbfb14dE.assertion.1] line 566 unreachable code: SUCCESS

/home/ubuntu/demo/rmc/library/core/src/ptr/mod.rs function _ZN4core3ptr80drop_in_place$LT$alloc..boxed..Box$LT$dyn$u20$vtable_duplicate_fields..T$GT$$GT$17hccfb7a3387f39a4aE
[_ZN4core3ptr80drop_in_place$LT$alloc..boxed..Box$LT$dyn$u20$vtable_duplicate_fields..T$GT$$GT$17hccfb7a3387f39a4aE.assertion.1] line 192 resume instruction: SUCCESS

/home/ubuntu/demo/rmc/library/core/src/result.rs function _ZN79_$LT$core..result..Result$LT$T$C$E$GT$$u20$as$u20$core..ops..try_trait..Try$GT$6branch17h1cb7099657bae7ecE
[_ZN79_$LT$core..result..Result$LT$T$C$E$GT$$u20$as$u20$core..ops..try_trait..Try$GT$6branch17h1cb7099657bae7ecE.assertion.1] line 1663 unreachable code: SUCCESS

/home/ubuntu/rmc/src/test/cbmc/DynTrait/vtable_duplicate_fields.rs function main
[main.assertion.5] line 44 resume instruction: SUCCESS
[main.assertion.1] line 46 well formed vtable for type StructTag("tag-dyn T::vtable"): FAILURE
[main.assertion.2] line 47 assertion failed: a == 1: SUCCESS
[main.assertion.3] line 48 well formed vtable for type StructTag("tag-dyn T::vtable"): SUCCESS
[main.assertion.4] line 49 assertion failed: b == 2: SUCCESS

<builtin-library-malloc> function malloc
[malloc.assertion.1] line 26 max allocation size exceeded: SUCCESS
[malloc.assertion.2] line 31 max allocation may fail: SUCCESS

** 1 of 14 failed (2 iterations)
VERIFICATION FAILED
